<?xml version="1.0" encoding="UTF-8"?>
<robot generator="Robot 3.2.2 (Python 3.11.2 on win32)" generated="20230602 23:22:33.453" rpa="false">
<suite id="s1" name="RobotTestTourDanauToba" source="D:\Institut Teknologi Del\semester 4\PKPL\ToolsQA\RobotTestTourDanauToba">
<suite id="s1-s1" name="TestSuiteHotel" source="D:\Institut Teknologi Del\semester 4\PKPL\ToolsQA\RobotTestTourDanauToba\TestSuiteHotel">
<suite id="s1-s1-s1" name="TestHotel" source="D:\Institut Teknologi Del\semester 4\PKPL\ToolsQA\RobotTestTourDanauToba\TestSuiteHotel\TestHotel.robot">
<test id="s1-s1-s1-t1" name="Hotel 5">
<kw name="Open Browser" library="SeleniumLibrary">
<doc>Opens a new browser instance to the optional ``url``.</doc>
<arguments>
<arg>http://127.0.0.1:8000/user/login</arg>
<arg>chrome</arg>
</arguments>
<msg timestamp="20230602 23:22:33.789" level="INFO">Opening browser 'chrome' to base url 'http://127.0.0.1:8000/user/login'.</msg>
<status status="PASS" starttime="20230602 23:22:33.788" endtime="20230602 23:22:37.343"></status>
</kw>
<kw name="Set Selenium Implicit Wait" library="SeleniumLibrary">
<doc>Sets the implicit wait value used by Selenium.</doc>
<arguments>
<arg>5</arg>
</arguments>
<status status="PASS" starttime="20230602 23:22:37.344" endtime="20230602 23:22:37.350"></status>
</kw>
<kw name="Sleep" library="BuiltIn">
<doc>Pauses the test executed for the given time.</doc>
<arguments>
<arg>3</arg>
</arguments>
<msg timestamp="20230602 23:22:40.355" level="INFO">Slept 3 seconds</msg>
<status status="PASS" starttime="20230602 23:22:37.351" endtime="20230602 23:22:40.355"></status>
</kw>
<kw name="Input Text" library="SeleniumLibrary">
<doc>Types the given ``text`` into the text field identified by ``locator``.</doc>
<arguments>
<arg>email</arg>
<arg>maria569@gmail.com</arg>
</arguments>
<msg timestamp="20230602 23:22:40.355" level="INFO">Typing text 'maria569@gmail.com' into text field 'email'.</msg>
<status status="PASS" starttime="20230602 23:22:40.355" endtime="20230602 23:22:40.447"></status>
</kw>
<kw name="Input Password" library="SeleniumLibrary">
<doc>Types the given password into the text field identified by ``locator``.</doc>
<arguments>
<arg>password</arg>
<arg>maria123</arg>
</arguments>
<msg timestamp="20230602 23:22:40.448" level="INFO">Typing password into text field 'password'.</msg>
<msg timestamp="20230602 23:22:40.482" level="INFO">Temporally setting log level to: NONE</msg>
<msg timestamp="20230602 23:22:40.529" level="INFO">Log level changed from NONE to INFO.</msg>
<status status="PASS" starttime="20230602 23:22:40.447" endtime="20230602 23:22:40.530"></status>
</kw>
<kw name="Click Element" library="SeleniumLibrary">
<doc>Click the element identified by ``locator``.</doc>
<arguments>
<arg>//*[@id="login"]/form/button</arg>
</arguments>
<msg timestamp="20230602 23:22:40.531" level="INFO">Clicking element '//*[@id="login"]/form/button'.</msg>
<status status="PASS" starttime="20230602 23:22:40.530" endtime="20230602 23:22:42.426"></status>
</kw>
<kw name="Click Element" library="SeleniumLibrary">
<doc>Click the element identified by ``locator``.</doc>
<arguments>
<arg>//*[@id="sidenavAccordion"]/div/div[1]/a[2]</arg>
</arguments>
<msg timestamp="20230602 23:22:42.428" level="INFO">Clicking element '//*[@id="sidenavAccordion"]/div/div[1]/a[2]'.</msg>
<status status="PASS" starttime="20230602 23:22:42.426" endtime="20230602 23:22:42.558"></status>
</kw>
<kw name="Click Element" library="SeleniumLibrary">
<doc>Click the element identified by ``locator``.</doc>
<arguments>
<arg>//*[@id="collapseHotel"]/nav/a[1]</arg>
</arguments>
<msg timestamp="20230602 23:22:42.560" level="INFO">Clicking element '//*[@id="collapseHotel"]/nav/a[1]'.</msg>
<status status="PASS" starttime="20230602 23:22:42.559" endtime="20230602 23:22:43.856"></status>
</kw>
<kw name="Click Element" library="SeleniumLibrary">
<doc>Click the element identified by ``locator``.</doc>
<arguments>
<arg>//*[@id="layoutSidenav_content"]/main/div/div[1]/a/button</arg>
</arguments>
<msg timestamp="20230602 23:22:43.857" level="INFO">Clicking element '//*[@id="layoutSidenav_content"]/main/div/div[1]/a/button'.</msg>
<status status="PASS" starttime="20230602 23:22:43.857" endtime="20230602 23:22:44.904"></status>
</kw>
<kw name="Input Text" library="SeleniumLibrary">
<doc>Types the given ``text`` into the text field identified by ``locator``.</doc>
<arguments>
<arg>nama_hotel</arg>
<arg>${EMPTY}</arg>
</arguments>
<msg timestamp="20230602 23:22:44.907" level="INFO">Typing text '' into text field 'nama_hotel'.</msg>
<status status="PASS" starttime="20230602 23:22:44.905" endtime="20230602 23:22:45.015"></status>
</kw>
<kw name="Input Text" library="SeleniumLibrary">
<doc>Types the given ``text`` into the text field identified by ``locator``.</doc>
<arguments>
<arg>lokasi</arg>
<arg>Simanindo</arg>
</arguments>
<msg timestamp="20230602 23:22:45.016" level="INFO">Typing text 'Simanindo' into text field 'lokasi'.</msg>
<status status="PASS" starttime="20230602 23:22:45.015" endtime="20230602 23:22:45.112"></status>
</kw>
<kw name="Input Text" library="SeleniumLibrary">
<doc>Types the given ``text`` into the text field identified by ``locator``.</doc>
<arguments>
<arg>harga</arg>
<arg>709000</arg>
</arguments>
<msg timestamp="20230602 23:22:45.113" level="INFO">Typing text '709000' into text field 'harga'.</msg>
<status status="PASS" starttime="20230602 23:22:45.113" endtime="20230602 23:22:45.244"></status>
</kw>
<kw name="Input Text" library="SeleniumLibrary">
<doc>Types the given ``text`` into the text field identified by ``locator``.</doc>
<arguments>
<arg>//*[@id="description"]</arg>
<arg>Jl.Pangambatan Desa Tomok Samosir. Sumatera Utara. Indonesta, Samosir, Danau Toba, Sumatera Utara, Indonesia, 22359</arg>
</arguments>
<msg timestamp="20230602 23:22:45.245" level="INFO">Typing text 'Jl.Pangambatan Desa Tomok Samosir. Sumatera Utara. Indonesta, Samosir, Danau Toba, Sumatera Utara, Indonesia, 22359' into text field '//*[@id="description"]'.</msg>
<status status="PASS" starttime="20230602 23:22:45.244" endtime="20230602 23:22:45.453"></status>
</kw>
<kw name="Choose File" library="SeleniumLibrary">
<doc>Inputs the ``file_path`` into the file input field ``locator``.</doc>
<arguments>
<arg>XPath=//*[@id="layoutSidenav_content"]/main/div/form/div[2]/div[2]/div/input</arg>
<arg>C:\\Users\\USER\\Downloads\\gambar\\TobaBeachHotel.webp</arg>
</arguments>
<msg timestamp="20230602 23:22:45.454" level="INFO">Sending C:\Users\USER\Downloads\gambar\TobaBeachHotel.webp to browser.</msg>
<status status="PASS" starttime="20230602 23:22:45.454" endtime="20230602 23:22:45.482"></status>
</kw>
<kw name="Click Element" library="SeleniumLibrary">
<doc>Click the element identified by ``locator``.</doc>
<arguments>
<arg>//*[@id="layoutSidenav_content"]/main/div/form/button</arg>
</arguments>
<msg timestamp="20230602 23:22:45.485" level="INFO">Clicking element '//*[@id="layoutSidenav_content"]/main/div/form/button'.</msg>
<status status="PASS" starttime="20230602 23:22:45.485" endtime="20230602 23:22:47.224"></status>
</kw>
<kw name="Sleep" library="BuiltIn">
<doc>Pauses the test executed for the given time.</doc>
<arguments>
<arg>10</arg>
</arguments>
<msg timestamp="20230602 23:22:57.227" level="INFO">Slept 10 seconds</msg>
<status status="PASS" starttime="20230602 23:22:47.225" endtime="20230602 23:22:57.227"></status>
</kw>
<kw name="Close Browser" library="SeleniumLibrary">
<doc>Closes the current browser.</doc>
<status status="PASS" starttime="20230602 23:22:57.227" endtime="20230602 23:22:59.513"></status>
</kw>
<kw name="Log" library="BuiltIn">
<doc>Logs the given message with the given level.</doc>
<arguments>
<arg>Test Completed</arg>
</arguments>
<msg timestamp="20230602 23:22:59.513" level="INFO">Test Completed</msg>
<status status="PASS" starttime="20230602 23:22:59.513" endtime="20230602 23:22:59.513"></status>
</kw>
<status status="PASS" starttime="20230602 23:22:33.787" endtime="20230602 23:22:59.514" critical="yes"></status>
</test>
<status status="PASS" starttime="20230602 23:22:33.526" endtime="20230602 23:22:59.515"></status>
</suite>
<status status="PASS" starttime="20230602 23:22:33.523" endtime="20230602 23:22:59.521"></status>
</suite>
<status status="PASS" starttime="20230602 23:22:33.499" endtime="20230602 23:22:59.523"></status>
</suite>
<statistics>
<total>
<stat pass="1" fail="0">Critical Tests</stat>
<stat pass="1" fail="0">All Tests</stat>
</total>
<tag>
</tag>
<suite>
<stat pass="1" fail="0" id="s1" name="RobotTestTourDanauToba">RobotTestTourDanauToba</stat>
<stat pass="1" fail="0" id="s1-s1" name="TestSuiteHotel">RobotTestTourDanauToba.TestSuiteHotel</stat>
<stat pass="1" fail="0" id="s1-s1-s1" name="TestHotel">RobotTestTourDanauToba.TestSuiteHotel.TestHotel</stat>
</suite>
</statistics>
<errors>
</errors>
</robot>
