<?xml version="1.0" encoding="UTF-8"?>
<robot generator="Robot 3.2.2 (Python 3.11.3 on win32)" generated="20230602 23:34:06.324" rpa="false">
<suite id="s1" name="RentalTest" source="D:\KULIAH\SEMESTER 4\PKPL\ToolsQA\RentalTest">
<suite id="s1-s1" name="TestSuit" source="D:\KULIAH\SEMESTER 4\PKPL\ToolsQA\RentalTest\TestSuit">
<suite id="s1-s1-s1" name="RentalTest1" source="D:\KULIAH\SEMESTER 4\PKPL\ToolsQA\RentalTest\TestSuit\RentalTest1.robot">
<test id="s1-s1-s1-t1" name="RentalTes01">
<kw name="Open Browser" library="SeleniumLibrary">
<doc>Opens a new browser instance to the optional ``url``.</doc>
<arguments>
<arg>http://127.0.0.1:8000/user/login</arg>
<arg>chrome</arg>
</arguments>
<msg timestamp="20230602 23:34:07.201" level="INFO">Opening browser 'chrome' to base url 'http://127.0.0.1:8000/user/login'.</msg>
<status status="PASS" starttime="20230602 23:34:07.201" endtime="20230602 23:34:13.475"></status>
</kw>
<kw name="Set Selenium Implicit Wait" library="SeleniumLibrary">
<doc>Sets the implicit wait value used by Selenium.</doc>
<arguments>
<arg>5</arg>
</arguments>
<status status="PASS" starttime="20230602 23:34:13.475" endtime="20230602 23:34:13.479"></status>
</kw>
<kw name="Sleep" library="BuiltIn">
<doc>Pauses the test executed for the given time.</doc>
<arguments>
<arg>3</arg>
</arguments>
<msg timestamp="20230602 23:34:16.481" level="INFO">Slept 3 seconds</msg>
<status status="PASS" starttime="20230602 23:34:13.479" endtime="20230602 23:34:16.481"></status>
</kw>
<kw name="Input Text" library="SeleniumLibrary">
<doc>Types the given ``text`` into the text field identified by ``locator``.</doc>
<arguments>
<arg>email</arg>
<arg>putriwitanapitupulu@gmail.com</arg>
</arguments>
<msg timestamp="20230602 23:34:16.482" level="INFO">Typing text 'putriwitanapitupulu@gmail.com' into text field 'email'.</msg>
<status status="PASS" starttime="20230602 23:34:16.481" endtime="20230602 23:34:16.773"></status>
</kw>
<kw name="Input Password" library="SeleniumLibrary">
<doc>Types the given password into the text field identified by ``locator``.</doc>
<arguments>
<arg>password</arg>
<arg>putriwita11</arg>
</arguments>
<msg timestamp="20230602 23:34:16.774" level="INFO">Typing password into text field 'password'.</msg>
<msg timestamp="20230602 23:34:16.865" level="INFO">Temporally setting log level to: NONE</msg>
<msg timestamp="20230602 23:34:16.982" level="INFO">Log level changed from NONE to INFO.</msg>
<status status="PASS" starttime="20230602 23:34:16.773" endtime="20230602 23:34:16.982"></status>
</kw>
<kw name="Click Element" library="SeleniumLibrary">
<doc>Click the element identified by ``locator``.</doc>
<arguments>
<arg>//*[@id="login"]/form/button</arg>
</arguments>
<msg timestamp="20230602 23:34:16.983" level="INFO">Clicking element '//*[@id="login"]/form/button'.</msg>
<status status="PASS" starttime="20230602 23:34:16.982" endtime="20230602 23:34:21.273"></status>
</kw>
<kw name="Click Element" library="SeleniumLibrary">
<doc>Click the element identified by ``locator``.</doc>
<arguments>
<arg>xpath=/html/body/header/div[2]/div/nav/div/ul/li[5]/a</arg>
</arguments>
<msg timestamp="20230602 23:34:21.274" level="INFO">Clicking element 'xpath=/html/body/header/div[2]/div/nav/div/ul/li[5]/a'.</msg>
<status status="PASS" starttime="20230602 23:34:21.274" endtime="20230602 23:34:25.084"></status>
</kw>
<kw name="Sleep" library="BuiltIn">
<doc>Pauses the test executed for the given time.</doc>
<arguments>
<arg>3</arg>
</arguments>
<msg timestamp="20230602 23:34:28.086" level="INFO">Slept 3 seconds</msg>
<status status="PASS" starttime="20230602 23:34:25.086" endtime="20230602 23:34:28.086"></status>
</kw>
<kw name="Click Element" library="SeleniumLibrary">
<doc>Click the element identified by ``locator``.</doc>
<arguments>
<arg>xpath=/html/body/main/div/div[2]/div/div/div/div[1]/div/a</arg>
</arguments>
<msg timestamp="20230602 23:34:28.087" level="INFO">Clicking element 'xpath=/html/body/main/div/div[2]/div/div/div/div[1]/div/a'.</msg>
<status status="PASS" starttime="20230602 23:34:28.086" endtime="20230602 23:34:31.584"></status>
</kw>
<kw name="Input Text" library="SeleniumLibrary">
<doc>Types the given ``text`` into the text field identified by ``locator``.</doc>
<arguments>
<arg>//*[@id="pickinglocation"]</arg>
<arg>Medan</arg>
</arguments>
<msg timestamp="20230602 23:34:31.586" level="INFO">Typing text 'Medan' into text field '//*[@id="pickinglocation"]'.</msg>
<status status="PASS" starttime="20230602 23:34:31.585" endtime="20230602 23:34:31.828"></status>
</kw>
<kw name="Input Text" library="SeleniumLibrary">
<doc>Types the given ``text`` into the text field identified by ``locator``.</doc>
<arguments>
<arg>//*[@id="pickingupdate"]</arg>
<arg>06/5/2023</arg>
</arguments>
<msg timestamp="20230602 23:34:31.828" level="INFO">Typing text '06/5/2023' into text field '//*[@id="pickingupdate"]'.</msg>
<status status="PASS" starttime="20230602 23:34:31.828" endtime="20230602 23:34:32.096"></status>
</kw>
<kw name="Input Text" library="SeleniumLibrary">
<doc>Types the given ``text`` into the text field identified by ``locator``.</doc>
<arguments>
<arg>//*[@id="pickinguphour"]</arg>
<arg>11.00AM</arg>
</arguments>
<msg timestamp="20230602 23:34:32.097" level="INFO">Typing text '11.00AM' into text field '//*[@id="pickinguphour"]'.</msg>
<status status="PASS" starttime="20230602 23:34:32.096" endtime="20230602 23:34:32.381"></status>
</kw>
<kw name="Input Text" library="SeleniumLibrary">
<doc>Types the given ``text`` into the text field identified by ``locator``.</doc>
<arguments>
<arg>//*[@id="pickingoff"]</arg>
<arg>Balige</arg>
</arguments>
<msg timestamp="20230602 23:34:32.382" level="INFO">Typing text 'Balige' into text field '//*[@id="pickingoff"]'.</msg>
<status status="PASS" starttime="20230602 23:34:32.381" endtime="20230602 23:34:32.714"></status>
</kw>
<kw name="Input Text" library="SeleniumLibrary">
<doc>Types the given ``text`` into the text field identified by ``locator``.</doc>
<arguments>
<arg>//*[@id="pickingoffdate"]</arg>
<arg>06/12/2023</arg>
</arguments>
<msg timestamp="20230602 23:34:32.714" level="INFO">Typing text '06/12/2023' into text field '//*[@id="pickingoffdate"]'.</msg>
<status status="PASS" starttime="20230602 23:34:32.714" endtime="20230602 23:34:33.003"></status>
</kw>
<kw name="Input Text" library="SeleniumLibrary">
<doc>Types the given ``text`` into the text field identified by ``locator``.</doc>
<arguments>
<arg>//*[@id="pickingoffhour"]</arg>
<arg>13.00 PM</arg>
</arguments>
<msg timestamp="20230602 23:34:33.003" level="INFO">Typing text '13.00 PM' into text field '//*[@id="pickingoffhour"]'.</msg>
<status status="PASS" starttime="20230602 23:34:33.003" endtime="20230602 23:34:33.337"></status>
</kw>
<kw name="Sleep" library="BuiltIn">
<doc>Pauses the test executed for the given time.</doc>
<arguments>
<arg>5</arg>
</arguments>
<msg timestamp="20230602 23:34:38.338" level="INFO">Slept 5 seconds</msg>
<status status="PASS" starttime="20230602 23:34:33.337" endtime="20230602 23:34:38.338"></status>
</kw>
<kw name="Click Element" library="SeleniumLibrary">
<doc>Click the element identified by ``locator``.</doc>
<arguments>
<arg>//*[@id="formSearchSubmit3"]</arg>
</arguments>
<msg timestamp="20230602 23:34:38.339" level="INFO">Clicking element '//*[@id="formSearchSubmit3"]'.</msg>
<status status="PASS" starttime="20230602 23:34:38.338" endtime="20230602 23:34:43.734"></status>
</kw>
<kw name="Sleep" library="BuiltIn">
<doc>Pauses the test executed for the given time.</doc>
<arguments>
<arg>10</arg>
</arguments>
<msg timestamp="20230602 23:34:53.737" level="INFO">Slept 10 seconds</msg>
<status status="PASS" starttime="20230602 23:34:43.736" endtime="20230602 23:34:53.737"></status>
</kw>
<kw name="Close Browser" library="SeleniumLibrary">
<doc>Closes the current browser.</doc>
<status status="PASS" starttime="20230602 23:34:53.737" endtime="20230602 23:34:56.125"></status>
</kw>
<kw name="Log" library="BuiltIn">
<doc>Logs the given message with the given level.</doc>
<arguments>
<arg>Test Completed</arg>
</arguments>
<msg timestamp="20230602 23:34:56.126" level="INFO">Test Completed</msg>
<status status="PASS" starttime="20230602 23:34:56.126" endtime="20230602 23:34:56.127"></status>
</kw>
<status status="PASS" starttime="20230602 23:34:07.200" endtime="20230602 23:34:56.127" critical="yes"></status>
</test>
<status status="PASS" starttime="20230602 23:34:06.444" endtime="20230602 23:34:56.128"></status>
</suite>
<status status="PASS" starttime="20230602 23:34:06.441" endtime="20230602 23:34:56.133"></status>
</suite>
<status status="PASS" starttime="20230602 23:34:06.401" endtime="20230602 23:34:56.135"></status>
</suite>
<statistics>
<total>
<stat pass="1" fail="0">Critical Tests</stat>
<stat pass="1" fail="0">All Tests</stat>
</total>
<tag>
</tag>
<suite>
<stat pass="1" fail="0" id="s1" name="RentalTest">RentalTest</stat>
<stat pass="1" fail="0" id="s1-s1" name="TestSuit">RentalTest.TestSuit</stat>
<stat pass="1" fail="0" id="s1-s1-s1" name="RentalTest1">RentalTest.TestSuit.RentalTest1</stat>
</suite>
</statistics>
<errors>
<msg timestamp="20230602 23:34:06.396" level="ERROR">Taking listener 'C:\Users\ASUS\AppData\Local\Temp\RobotTempDir2029183593194380182\TestRunnerAgent.py:57961' into use failed: Importing listener 'C:\Users\ASUS\AppData\Local\Temp\RobotTempDir2029183593194380182\TestRunnerAgent.py' failed: ModuleNotFoundError: No module named 'robot.parsing.populators'
Traceback (most recent call last):
  File "C:\Users\ASUS\AppData\Local\Temp\RobotTempDir2029183593194380182\TestRunnerAgent.py", line 72, in &lt;module&gt;
    from robot.parsing.populators import READERS
PYTHONPATH:
  C:\Python311\Lib\site-packages
  D:\KULIAH\SEMESTER 4\PKPL\ToolsQA\RentalTest
  C:\Python311\python311.zip
  C:\Python311\DLLs
  C:\Python311\Lib
  C:\Python311
  C:\Python311\Lib\site-packages</msg>
</errors>
</robot>
